TN:
SF:C:\Users\A_D\Desktop\Programme\TP_Test\src\book.repository.js
FN:6,(anonymous_0)
FN:10,(anonymous_1)
FN:17,(anonymous_2)
FN:25,(anonymous_3)
FN:38,(anonymous_4)
FN:67,(anonymous_5)
FN:79,(anonymous_6)
FN:83,(anonymous_7)
FN:89,(anonymous_8)
FNF:9
FNH:9
FNDA:8,(anonymous_0)
FNDA:1,(anonymous_1)
FNDA:1,(anonymous_2)
FNDA:1,(anonymous_3)
FNDA:3,(anonymous_4)
FNDA:2,(anonymous_5)
FNDA:15,(anonymous_6)
FNDA:117,(anonymous_7)
FNDA:19,(anonymous_8)
DA:7,8
DA:11,1
DA:18,1
DA:19,1
DA:26,1
DA:27,1
DA:28,1
DA:29,1
DA:31,1
DA:39,3
DA:41,2
DA:42,2
DA:44,2
DA:68,2
DA:69,2
DA:70,0
DA:73,2
DA:74,2
DA:75,2
DA:79,2
DA:80,15
DA:81,15
DA:82,15
DA:83,15
DA:84,117
DA:89,19
DA:90,4
DA:91,4
DA:94,2
DA:100,1
LF:30
LH:29
BRDA:39,0,0,1
BRDA:39,0,1,2
BRDA:42,1,0,1
BRDA:42,1,1,1
BRDA:42,2,0,2
BRDA:42,2,1,2
BRDA:69,3,0,0
BRDA:69,3,1,2
BRDA:84,4,0,117
BRDA:84,4,1,117
BRDA:89,5,0,4
BRDA:89,5,1,11
BRDA:89,6,0,19
BRDA:89,6,1,19
BRF:14
BRH:13
end_of_record
TN:
SF:C:\Users\A_D\Desktop\Programme\TP_Test\src\interval.js
FN:2,(anonymous_0)
FN:7,(anonymous_1)
FN:25,(anonymous_2)
FN:45,(anonymous_3)
FN:65,(anonymous_4)
FN:99,(anonymous_5)
FN:135,(anonymous_6)
FNF:7
FNH:6
FNDA:62,(anonymous_0)
FNDA:0,(anonymous_1)
FNDA:2,(anonymous_2)
FNDA:4,(anonymous_3)
FNDA:5,(anonymous_4)
FNDA:9,(anonymous_5)
FNDA:7,(anonymous_6)
DA:3,62
DA:4,62
DA:8,0
DA:26,2
DA:46,4
DA:66,5
DA:67,5
DA:68,5
DA:69,1
DA:70,4
DA:71,1
DA:74,3
DA:75,2
DA:77,3
DA:78,1
DA:80,3
DA:100,9
DA:101,9
DA:102,9
DA:103,4
DA:104,4
DA:105,13
DA:106,11
DA:108,5
DA:109,4
DA:110,4
DA:111,34
DA:112,32
DA:115,9
DA:116,8
DA:136,7
DA:137,6
DA:138,1
DA:139,5
DA:140,1
DA:142,4
DA:143,4
DA:144,4
DA:145,4
DA:146,4
DA:147,4
DA:148,1
DA:149,1
DA:151,1
DA:152,1
DA:153,3
DA:154,1
DA:155,1
DA:157,1
DA:158,1
DA:159,2
DA:160,1
DA:161,1
DA:163,1
DA:164,1
DA:165,1
DA:166,1
DA:167,1
DA:169,1
DA:170,1
DA:173,4
DA:174,4
DA:175,4
DA:179,1
LF:64
LH:63
BRDA:26,0,0,2
BRDA:26,0,1,2
BRDA:46,1,0,4
BRDA:46,1,1,2
BRDA:68,2,0,1
BRDA:68,2,1,4
BRDA:70,3,0,1
BRDA:70,3,1,3
BRDA:74,4,0,1
BRDA:74,4,1,2
BRDA:77,5,0,2
BRDA:77,5,1,1
BRDA:102,6,0,4
BRDA:102,6,1,5
BRDA:102,7,0,9
BRDA:102,7,1,9
BRDA:105,8,0,2
BRDA:105,8,1,11
BRDA:108,9,0,4
BRDA:108,9,1,1
BRDA:108,10,0,5
BRDA:108,10,1,4
BRDA:111,11,0,2
BRDA:111,11,1,32
BRDA:115,12,0,1
BRDA:115,12,1,8
BRDA:136,13,0,1
BRDA:136,13,1,6
BRDA:136,14,0,7
BRDA:136,14,1,1
BRDA:137,15,0,1
BRDA:137,15,1,5
BRDA:139,16,0,1
BRDA:139,16,1,4
BRDA:147,17,0,1
BRDA:147,17,1,3
BRDA:147,18,0,4
BRDA:147,18,1,4
BRDA:147,18,2,2
BRDA:153,19,0,1
BRDA:153,19,1,2
BRDA:153,20,0,3
BRDA:153,20,1,3
BRDA:153,20,2,2
BRDA:159,21,0,1
BRDA:159,21,1,1
BRDA:159,22,0,2
BRDA:159,22,1,2
BRDA:159,22,2,1
BRDA:165,23,0,1
BRDA:165,23,1,0
BRDA:165,24,0,1
BRDA:165,24,1,1
BRDA:165,24,2,1
BRF:54
BRH:53
end_of_record
TN:
SF:C:\Users\A_D\Desktop\Programme\TP_Test\src\math.js
FN:2,(anonymous_0)
FN:26,(anonymous_1)
FN:49,(anonymous_2)
FN:76,(anonymous_3)
FN:104,(anonymous_4)
FNF:5
FNH:5
FNDA:12,(anonymous_0)
FNDA:27,(anonymous_1)
FNDA:4,(anonymous_2)
FNDA:1,(anonymous_3)
FNDA:3,(anonymous_4)
DA:1,1
DA:2,1
DA:3,12
DA:4,4
DA:7,8
DA:8,1
DA:11,7
DA:12,1
DA:15,6
DA:26,1
DA:27,27
DA:28,2
DA:30,25
DA:31,1
DA:33,24
DA:34,103
DA:35,15
DA:49,1
DA:51,4
DA:52,4
DA:53,1
DA:55,3
DA:56,18
DA:57,11
DA:61,3
DA:76,1
DA:78,1
DA:79,1
DA:82,0
DA:83,0
DA:84,0
DA:85,0
DA:86,0
DA:87,0
DA:88,0
DA:90,0
DA:104,1
DA:106,3
DA:108,3
DA:109,10
DA:110,5
DA:113,5
DA:114,0
DA:118,5
DA:122,3
DA:126,1
LF:46
LH:37
BRDA:3,0,0,4
BRDA:3,0,1,8
BRDA:7,1,0,1
BRDA:7,1,1,7
BRDA:11,2,0,1
BRDA:11,2,1,6
BRDA:27,3,0,2
BRDA:27,3,1,25
BRDA:27,4,0,27
BRDA:27,4,1,26
BRDA:30,5,0,1
BRDA:30,5,1,24
BRDA:34,6,0,9
BRDA:34,6,1,94
BRDA:52,7,0,1
BRDA:52,7,1,3
BRDA:56,8,0,11
BRDA:56,8,1,7
BRDA:78,9,0,1
BRDA:78,9,1,0
BRDA:83,10,0,0
BRDA:83,10,1,0
BRDA:83,11,0,0
BRDA:83,11,1,0
BRDA:85,12,0,0
BRDA:85,12,1,0
BRDA:87,13,0,0
BRDA:87,13,1,0
BRDA:109,14,0,5
BRDA:109,14,1,5
BRDA:109,15,0,10
BRDA:109,15,1,5
BRDA:109,15,2,10
BRDA:109,15,3,5
BRDA:113,16,0,0
BRDA:113,16,1,5
BRDA:113,17,0,5
BRDA:113,17,1,5
BRF:38
BRH:28
end_of_record
